#
# There is insufficient memory for the Java Runtime Environment to continue.
# Native memory allocation (mmap) failed to map 39845888 bytes for Failed to commit area from 0x000000074e200000 to 0x0000000750800000 of length 39845888.
# Possible reasons:
#   The system is out of physical RAM or swap space
#   The process is running with CompressedOops enabled, and the Java Heap may be blocking the growth of the native heap
# Possible solutions:
#   Reduce memory load on the system
#   Increase physical memory or swap space
#   Check if swap backing store is full
#   Decrease Java heap size (-Xmx/-Xms)
#   Decrease number of Java threads
#   Decrease Java thread stack sizes (-Xss)
#   Set larger code cache with -XX:ReservedCodeCacheSize=
#   JVM is running with Zero Based Compressed Oops mode in which the Java heap is
#     placed in the first 32GB address space. The Java Heap base address is the
#     maximum limit for the native heap growth. Please use -XX:HeapBaseMinAddress
#     to set the Java Heap base and to place the Java Heap above 32GB virtual address.
# This output file may be truncated or incomplete.
#
#  Out of Memory Error (./src/hotspot/os/windows/os_windows.cpp:3311), pid=22020, tid=21948
#
# JRE version: OpenJDK Runtime Environment Corretto-11.0.12.7.1 (11.0.12+7) (build 11.0.12+7-LTS)
# Java VM: OpenJDK 64-Bit Server VM Corretto-11.0.12.7.1 (11.0.12+7-LTS, mixed mode, tiered, compressed oops, g1 gc, windows-amd64)
# No core dump will be written. Minidumps are not enabled by default on client versions of Windows
#

---------------  S U M M A R Y ------------

Command Line: -javaagent:D:\IntelliJ IDEA Community Edition 2021.1.1\lib\idea_rt.jar=63927:D:\IntelliJ IDEA Community Edition 2021.1.1\bin -Dfile.encoding=UTF-8 com.tupinamba.springbootwebsocket.SpringBootWebsocketApplication

Host: Intel(R) Core(TM) i7-8750H CPU @ 2.20GHz, 12 cores, 11G,  Windows 10 , 64 bit Build 22000 (10.0.22000.434)
Time: Wed Mar 30 15:19:59 2022 台北標準時間 elapsed time: 2.406069 seconds (0d 0h 0m 2s)

---------------  T H R E A D  ---------------

Current thread (0x000002a2394e4800):  VMThread "VM Thread" [stack: 0x000000d6ed400000,0x000000d6ed500000] [id=21948]

Stack: [0x000000d6ed400000,0x000000d6ed500000]
[error occurred during error reporting (printing stack bounds), id 0xc0000005, EXCEPTION_ACCESS_VIOLATION (0xc0000005) at pc=0x000002a21f20112d]

Native frames: (J=compiled Java code, j=interpreted, Vv=VM code, C=native code)
V  [jvm.dll+0x601d7a]
V  [jvm.dll+0x78b45e]
V  [jvm.dll+0x78cb2f]
V  [jvm.dll+0x78d155]
V  [jvm.dll+0x78d10b]
V  [jvm.dll+0x601263]
V  [jvm.dll+0x601978]
C  [ntdll.dll+0xa86ef]
C  [ntdll.dll+0x35aea]
C  [ntdll.dll+0xa76fe]
C  0x000002a21f20112d

VM_Operation (0x000000d6ecefc580): CollectForMetadataAllocation, mode: safepoint, requested by thread 0x000002a21531b800


---------------  P R O C E S S  ---------------

Threads class SMR info:
_java_thread_list=0x000002a23c940030, length=16, elements={
0x000002a21531b800, 0x000002a2394e5800, 0x000002a239516000, 0x000002a23957a800,
0x000002a23957d800, 0x000002a23957f000, 0x000002a23958b000, 0x000002a23958c800,
0x000002a2395d9000, 0x000002a238c9d800, 0x000002a2398c7800, 0x000002a23b1d4000,
0x000002a23a94f800, 0x000002a23ccf0800, 0x000002a23af7b800, 0x000002a23dab7800
}

Java Threads: ( => current thread )
  0x000002a21531b800 JavaThread "main" [_thread_blocked, id=21928, stack(0x000000d6ece00000,0x000000d6ecf00000)]
  0x000002a2394e5800 JavaThread "Reference Handler" daemon [_thread_blocked, id=22148, stack(0x000000d6ed500000,0x000000d6ed600000)]
  0x000002a239516000 JavaThread "Finalizer" daemon [_thread_blocked, id=22172, stack(0x000000d6ed600000,0x000000d6ed700000)]
  0x000002a23957a800 JavaThread "Signal Dispatcher" daemon [_thread_blocked, id=22176, stack(0x000000d6ed700000,0x000000d6ed800000)]
  0x000002a23957d800 JavaThread "Attach Listener" daemon [_thread_blocked, id=22184, stack(0x000000d6ed800000,0x000000d6ed900000)]
  0x000002a23957f000 JavaThread "Service Thread" daemon [_thread_blocked, id=22180, stack(0x000000d6ed900000,0x000000d6eda00000)]
  0x000002a23958b000 JavaThread "C2 CompilerThread0" daemon [_thread_blocked, id=22188, stack(0x000000d6eda00000,0x000000d6edb00000)]
  0x000002a23958c800 JavaThread "C1 CompilerThread0" daemon [_thread_blocked, id=22004, stack(0x000000d6edb00000,0x000000d6edc00000)]
  0x000002a2395d9000 JavaThread "Sweeper thread" daemon [_thread_blocked, id=21896, stack(0x000000d6edc00000,0x000000d6edd00000)]
  0x000002a238c9d800 JavaThread "Common-Cleaner" daemon [_thread_blocked, id=21848, stack(0x000000d6edd00000,0x000000d6ede00000)]
  0x000002a2398c7800 JavaThread "Monitor Ctrl-Break" daemon [_thread_in_native, id=21892, stack(0x000000d6edf00000,0x000000d6ee000000)]
  0x000002a23b1d4000 JavaThread "C2 CompilerThread1" daemon [_thread_blocked, id=22120, stack(0x000000d6ede00000,0x000000d6edf00000)]
  0x000002a23a94f800 JavaThread "Catalina-utility-1" [_thread_blocked, id=22260, stack(0x000000d6ee400000,0x000000d6ee500000)]
  0x000002a23ccf0800 JavaThread "Catalina-utility-2" [_thread_blocked, id=9692, stack(0x000000d6ee700000,0x000000d6ee800000)]
  0x000002a23af7b800 JavaThread "container-0" [_thread_blocked, id=7000, stack(0x000000d6ee800000,0x000000d6ee900000)]
  0x000002a23dab7800 JavaThread "MessageBroker-1" [_thread_blocked, id=21676, stack(0x000000d6ee900000,0x000000d6eea00000)]

Other Threads:
=>0x000002a2394e4800 VMThread "VM Thread" [stack: 0x000000d6ed400000,0x000000d6ed500000] [id=21948]
  0x000002a239b21800 WatcherThread [stack: 0x000000d6ee000000,0x000000d6ee100000] [id=21840]
  0x000002a215333000 GCTaskThread "GC Thread#0" [stack: 0x000000d6ecf00000,0x000000d6ed000000] [id=5800]
  0x000002a239e88000 GCTaskThread "GC Thread#1" [stack: 0x000000d6ee100000,0x000000d6ee200000] [id=22112]
  0x000002a23a6a4000 GCTaskThread "GC Thread#2" [stack: 0x000000d6ee200000,0x000000d6ee300000] [id=21668]
  0x000002a239e88800 GCTaskThread "GC Thread#3" [stack: 0x000000d6ee300000,0x000000d6ee400000] [id=8420]
  0x000002a23cb55000 GCTaskThread "GC Thread#4" [stack: 0x000000d6eea00000,0x000000d6eeb00000] [id=21684]
  0x000002a23da95800 GCTaskThread "GC Thread#5" [stack: 0x000000d6eeb00000,0x000000d6eec00000] [id=14192]
  0x000002a23afc6000 GCTaskThread "GC Thread#6" [stack: 0x000000d6eec00000,0x000000d6eed00000] [id=22428]
  0x000002a23cb74800 GCTaskThread "GC Thread#7" [stack: 0x000000d6eed00000,0x000000d6eee00000] [id=21028]
  0x000002a23b075800 GCTaskThread "GC Thread#8" [stack: 0x000000d6eee00000,0x000000d6eef00000] [id=21640]
  0x000002a23b076800 GCTaskThread "GC Thread#9" [stack: 0x000000d6eef00000,0x000000d6ef000000] [id=22264]
  0x000002a21537f000 ConcurrentGCThread "G1 Main Marker" [stack: 0x000000d6ed000000,0x000000d6ed100000] [id=11304]
  0x000002a215380800 ConcurrentGCThread "G1 Conc#0" [stack: 0x000000d6ed100000,0x000000d6ed200000] [id=21852]
  0x000002a23a83b800 ConcurrentGCThread "G1 Conc#1" [stack: 0x000000d6ee500000,0x000000d6ee600000] [id=22104]
  0x000002a23acca800 ConcurrentGCThread "G1 Conc#2" [stack: 0x000000d6ee600000,0x000000d6ee700000] [id=22160]
  0x000002a238b4c800 ConcurrentGCThread "G1 Refine#0" [stack: 0x000000d6ed200000,0x000000d6ed300000] [id=22096]
  0x000002a238b4d000 ConcurrentGCThread "G1 Young RemSet Sampling" [stack: 0x000000d6ed300000,0x000000d6ed400000] [id=22100]

Threads with active compile tasks:
C2 CompilerThread0   2415 3207       4       org.springframework.core.annotation.TypeMappedAnnotations::get (52 bytes)
C2 CompilerThread1   2415 3192   !   4       jdk.internal.loader.BuiltinClassLoader::loadClassOrNull (143 bytes)

VM state:at safepoint (normal execution)

VM Mutex/Monitor currently owned by a thread:  ([mutex/lock_event])
[0x000002a215315b70] Threads_lock - owner thread: 0x000002a2394e4800
[0x000002a2153151e0] Heap_lock - owner thread: 0x000002a21531b800

Heap address: 0x0000000742400000, size: 3036 MB, Compressed Oops mode: Zero based, Oop shift amount: 3
Narrow klass base: 0x0000000800000000, Narrow klass shift: 0
Compressed class space size: 1073741824 Address: 0x0000000800000000

Heap:
 garbage-first heap   total 233472K, used 12083K [0x0000000742400000, 0x0000000800000000)
  region size 1024K, 8 young (8192K), 8 survivors (8192K)
 Metaspace       used 34960K, capacity 35839K, committed 35968K, reserved 1081344K
  class space    used 4016K, capacity 4364K, committed 4480K, reserved 1048576K
Heap Regions: E=young(eden), S=young(survivor), O=old, HS=humongous(starts), HC=humongous(continues), CS=collection set, F=free, A=archive, TAMS=top-at-mark-start (previous, next)
|   0|0x0000000742400000, 0x0000000742500000, 0x0000000742500000|100%| O|  |TAMS 0x0000000742500000, 0x0000000742500000| Untracked 
|   1|0x0000000742500000, 0x0000000742600000, 0x0000000742600000|100%| O|  |TAMS 0x0000000742583e00, 0x0000000742600000| Untracked 
|   2|0x0000000742600000, 0x0000000742700000, 0x0000000742700000|100%| O|  |TAMS 0x0000000742600000, 0x0000000742700000| Untracked 
|   3|0x0000000742700000, 0x0000000742800000, 0x0000000742800000|100%| O|  |TAMS 0x0000000742700000, 0x0000000742800000| Untracked 
|   4|0x0000000742800000, 0x0000000742876200, 0x0000000742900000| 46%| O|  |TAMS 0x0000000742800000, 0x0000000742876200| Untracked 
|   5|0x0000000742900000, 0x0000000742900000, 0x0000000742a00000|  0%| F|  |TAMS 0x0000000742900000, 0x0000000742900000| Untracked 
|   6|0x0000000742a00000, 0x0000000742a00000, 0x0000000742b00000|  0%| F|  |TAMS 0x0000000742a00000, 0x0000000742a00000| Untracked 
|   7|0x0000000742b00000, 0x0000000742b00000, 0x0000000742c00000|  0%| F|  |TAMS 0x0000000742b00000, 0x0000000742b00000| Untracked 
|   8|0x0000000742c00000, 0x0000000742c00000, 0x0000000742d00000|  0%| F|  |TAMS 0x0000000742c00000, 0x0000000742c00000| Untracked 
|   9|0x0000000742d00000, 0x0000000742d00000, 0x0000000742e00000|  0%| F|  |TAMS 0x0000000742d00000, 0x0000000742d00000| Untracked 
|  10|0x0000000742e00000, 0x0000000742e00000, 0x0000000742f00000|  0%| F|  |TAMS 0x0000000742e00000, 0x0000000742e00000| Untracked 
|  11|0x0000000742f00000, 0x0000000742f00000, 0x0000000743000000|  0%| F|  |TAMS 0x0000000742f00000, 0x0000000742f00000| Untracked 
|  12|0x0000000743000000, 0x0000000743000000, 0x0000000743100000|  0%| F|  |TAMS 0x0000000743000000, 0x0000000743000000| Untracked 
|  13|0x0000000743100000, 0x0000000743100000, 0x0000000743200000|  0%| F|  |TAMS 0x0000000743100000, 0x0000000743100000| Untracked 
|  14|0x0000000743200000, 0x0000000743200000, 0x0000000743300000|  0%| F|  |TAMS 0x0000000743200000, 0x0000000743200000| Untracked 
|  15|0x0000000743300000, 0x0000000743300000, 0x0000000743400000|  0%| F|  |TAMS 0x0000000743300000, 0x0000000743300000| Untracked 
|  16|0x0000000743400000, 0x0000000743400000, 0x0000000743500000|  0%| F|  |TAMS 0x0000000743400000, 0x0000000743400000| Untracked 
|  17|0x0000000743500000, 0x0000000743500000, 0x0000000743600000|  0%| F|  |TAMS 0x0000000743500000, 0x0000000743500000| Untracked 
|  18|0x0000000743600000, 0x0000000743600000, 0x0000000743700000|  0%| F|  |TAMS 0x0000000743600000, 0x0000000743600000| Untracked 
|  19|0x0000000743700000, 0x0000000743700000, 0x0000000743800000|  0%| F|  |TAMS 0x0000000743700000, 0x0000000743700000| Untracked 
|  20|0x0000000743800000, 0x0000000743800000, 0x0000000743900000|  0%| F|  |TAMS 0x0000000743800000, 0x0000000743800000| Untracked 
|  21|0x0000000743900000, 0x0000000743900000, 0x0000000743a00000|  0%| F|  |TAMS 0x0000000743900000, 0x0000000743900000| Untracked 
|  22|0x0000000743a00000, 0x0000000743a00000, 0x0000000743b00000|  0%| F|  |TAMS 0x0000000743a00000, 0x0000000743a00000| Untracked 
|  23|0x0000000743b00000, 0x0000000743b00000, 0x0000000743c00000|  0%| F|  |TAMS 0x0000000743b00000, 0x0000000743b00000| Untracked 
|  24|0x0000000743c00000, 0x0000000743c00000, 0x0000000743d00000|  0%| F|  |TAMS 0x0000000743c00000, 0x0000000743c00000| Untracked 
|  25|0x0000000743d00000, 0x0000000743d00000, 0x0000000743e00000|  0%| F|  |TAMS 0x0000000743d00000, 0x0000000743d00000| Untracked 
|  26|0x0000000743e00000, 0x0000000743e00000, 0x0000000743f00000|  0%| F|  |TAMS 0x0000000743e00000, 0x0000000743e00000| Untracked 
|  27|0x0000000743f00000, 0x0000000743f00000, 0x0000000744000000|  0%| F|  |TAMS 0x0000000743f00000, 0x0000000743f00000| Untracked 
|  28|0x0000000744000000, 0x0000000744000000, 0x0000000744100000|  0%| F|  |TAMS 0x0000000744000000, 0x0000000744000000| Untracked 
|  29|0x0000000744100000, 0x0000000744100000, 0x0000000744200000|  0%| F|  |TAMS 0x0000000744100000, 0x0000000744100000| Untracked 
|  30|0x0000000744200000, 0x0000000744200000, 0x0000000744300000|  0%| F|  |TAMS 0x0000000744200000, 0x0000000744200000| Untracked 
|  31|0x0000000744300000, 0x0000000744300000, 0x0000000744400000|  0%| F|  |TAMS 0x0000000744300000, 0x0000000744300000| Untracked 
|  32|0x0000000744400000, 0x0000000744400000, 0x0000000744500000|  0%| F|  |TAMS 0x0000000744400000, 0x0000000744400000| Untracked 
|  33|0x0000000744500000, 0x0000000744500000, 0x0000000744600000|  0%| F|  |TAMS 0x0000000744500000, 0x0000000744500000| Untracked 
|  34|0x0000000744600000, 0x0000000744600000, 0x0000000744700000|  0%| F|  |TAMS 0x0000000744600000, 0x0000000744600000| Untracked 
|  35|0x0000000744700000, 0x0000000744700000, 0x0000000744800000|  0%| F|  |TAMS 0x0000000744700000, 0x0000000744700000| Untracked 
|  36|0x0000000744800000, 0x0000000744800000, 0x0000000744900000|  0%| F|  |TAMS 0x0000000744800000, 0x0000000744800000| Untracked 
|  37|0x0000000744900000, 0x0000000744900000, 0x0000000744a00000|  0%| F|  |TAMS 0x0000000744900000, 0x0000000744900000| Untracked 
|  38|0x0000000744a00000, 0x0000000744a00000, 0x0000000744b00000|  0%| F|  |TAMS 0x0000000744a00000, 0x0000000744a00000| Untracked 
|  39|0x0000000744b00000, 0x0000000744b00000, 0x0000000744c00000|  0%| F|  |TAMS 0x0000000744b00000, 0x0000000744b00000| Untracked 
|  40|0x0000000744c00000, 0x0000000744c00000, 0x0000000744d00000|  0%| F|  |TAMS 0x0000000744c00000, 0x0000000744c00000| Untracked 
|  41|0x0000000744d00000, 0x0000000744d00000, 0x0000000744e00000|  0%| F|  |TAMS 0x0000000744d00000, 0x0000000744d00000| Untracked 
|  42|0x0000000744e00000, 0x0000000744e00000, 0x0000000744f00000|  0%| F|  |TAMS 0x0000000744e00000, 0x0000000744e00000| Untracked 
|  43|0x0000000744f00000, 0x0000000744f00000, 0x0000000745000000|  0%| F|  |TAMS 0x0000000744f00000, 0x0000000744f00000| Untracked 
|  44|0x0000000745000000, 0x0000000745000000, 0x0000000745100000|  0%| F|  |TAMS 0x0000000745000000, 0x0000000745000000| Untracked 
|  45|0x0000000745100000, 0x0000000745100000, 0x0000000745200000|  0%| F|  |TAMS 0x0000000745100000, 0x0000000745100000| Untracked 
|  46|0x0000000745200000, 0x0000000745200000, 0x0000000745300000|  0%| F|  |TAMS 0x0000000745200000, 0x0000000745200000| Untracked 
|  47|0x0000000745300000, 0x0000000745300000, 0x0000000745400000|  0%| F|  |TAMS 0x0000000745300000, 0x0000000745300000| Untracked 
|  48|0x0000000745400000, 0x0000000745400000, 0x0000000745500000|  0%| F|  |TAMS 0x0000000745400000, 0x0000000745400000| Untracked 
|  49|0x0000000745500000, 0x0000000745500000, 0x0000000745600000|  0%| F|  |TAMS 0x0000000745500000, 0x0000000745500000| Untracked 
|  50|0x0000000745600000, 0x0000000745600000, 0x0000000745700000|  0%| F|  |TAMS 0x0000000745600000, 0x0000000745600000| Untracked 
|  51|0x0000000745700000, 0x0000000745700000, 0x0000000745800000|  0%| F|  |TAMS 0x0000000745700000, 0x0000000745700000| Untracked 
|  52|0x0000000745800000, 0x0000000745800000, 0x0000000745900000|  0%| F|  |TAMS 0x0000000745800000, 0x0000000745800000| Untracked 
|  53|0x0000000745900000, 0x0000000745900000, 0x0000000745a00000|  0%| F|  |TAMS 0x0000000745900000, 0x0000000745900000| Untracked 
|  54|0x0000000745a00000, 0x0000000745a00000, 0x0000000745b00000|  0%| F|  |TAMS 0x0000000745a00000, 0x0000000745a00000| Untracked 
|  55|0x0000000745b00000, 0x0000000745b00000, 0x0000000745c00000|  0%| F|  |TAMS 0x0000000745b00000, 0x0000000745b00000| Untracked 
|  56|0x0000000745c00000, 0x0000000745c00000, 0x0000000745d00000|  0%| F|  |TAMS 0x0000000745c00000, 0x0000000745c00000| Untracked 
|  57|0x0000000745d00000, 0x0000000745d00000, 0x0000000745e00000|  0%| F|  |TAMS 0x0000000745d00000, 0x0000000745d00000| Untracked 
|  58|0x0000000745e00000, 0x0000000745e00000, 0x0000000745f00000|  0%| F|  |TAMS 0x0000000745e00000, 0x0000000745e00000| Untracked 
|  59|0x0000000745f00000, 0x0000000745f00000, 0x0000000746000000|  0%| F|  |TAMS 0x0000000745f00000, 0x0000000745f00000| Untracked 
|  60|0x0000000746000000, 0x0000000746000000, 0x0000000746100000|  0%| F|  |TAMS 0x0000000746000000, 0x0000000746000000| Untracked 
|  61|0x0000000746100000, 0x0000000746100000, 0x0000000746200000|  0%| F|  |TAMS 0x0000000746100000, 0x0000000746100000| Untracked 
|  62|0x0000000746200000, 0x0000000746200000, 0x0000000746300000|  0%| F|  |TAMS 0x0000000746200000, 0x0000000746200000| Untracked 
|  63|0x0000000746300000, 0x0000000746300000, 0x0000000746400000|  0%| F|  |TAMS 0x0000000746300000, 0x0000000746300000| Untracked 
|  64|0x0000000746400000, 0x0000000746400000, 0x0000000746500000|  0%| F|  |TAMS 0x0000000746400000, 0x0000000746400000| Untracked 
|  65|0x0000000746500000, 0x0000000746500000, 0x0000000746600000|  0%| F|  |TAMS 0x0000000746500000, 0x0000000746500000| Untracked 
|  66|0x0000000746600000, 0x0000000746600000, 0x0000000746700000|  0%| F|  |TAMS 0x0000000746600000, 0x0000000746600000| Untracked 
|  67|0x0000000746700000, 0x0000000746700000, 0x0000000746800000|  0%| F|  |TAMS 0x0000000746700000, 0x0000000746700000| Untracked 
|  68|0x0000000746800000, 0x0000000746800000, 0x0000000746900000|  0%| F|  |TAMS 0x0000000746800000, 0x0000000746800000| Untracked 
|  69|0x0000000746900000, 0x0000000746900000, 0x0000000746a00000|  0%| F|  |TAMS 0x0000000746900000, 0x0000000746900000| Untracked 
|  70|0x0000000746a00000, 0x0000000746a00000, 0x0000000746b00000|  0%| F|  |TAMS 0x0000000746a00000, 0x0000000746a00000| Untracked 
|  71|0x0000000746b00000, 0x0000000746b00000, 0x0000000746c00000|  0%| F|  |TAMS 0x0000000746b00000, 0x0000000746b00000| Untracked 
|  72|0x0000000746c00000, 0x0000000746c00000, 0x0000000746d00000|  0%| F|  |TAMS 0x0000000746c00000, 0x0000000746c00000| Untracked 
|  73|0x0000000746d00000, 0x0000000746d00000, 0x0000000746e00000|  0%| F|  |TAMS 0x0000000746d00000, 0x0000000746d00000| Untracked 
|  74|0x0000000746e00000, 0x0000000746e00000, 0x0000000746f00000|  0%| F|  |TAMS 0x0000000746e00000, 0x0000000746e00000| Untracked 
|  75|0x0000000746f00000, 0x0000000746f00000, 0x0000000747000000|  0%| F|  |TAMS 0x0000000746f00000, 0x0000000746f00000| Untracked 
|  76|0x0000000747000000, 0x0000000747000000, 0x0000000747100000|  0%| F|  |TAMS 0x0000000747000000, 0x0000000747000000| Untracked 
|  77|0x0000000747100000, 0x0000000747100000, 0x0000000747200000|  0%| F|  |TAMS 0x0000000747100000, 0x0000000747100000| Untracked 
|  78|0x0000000747200000, 0x0000000747200000, 0x0000000747300000|  0%| F|  |TAMS 0x0000000747200000, 0x0000000747200000| Untracked 
|  79|0x0000000747300000, 0x0000000747300000, 0x0000000747400000|  0%| F|  |TAMS 0x0000000747300000, 0x0000000747300000| Untracked 
|  80|0x0000000747400000, 0x0000000747400000, 0x0000000747500000|  0%| F|  |TAMS 0x0000000747400000, 0x0000000747400000| Untracked 
|  81|0x0000000747500000, 0x0000000747500000, 0x0000000747600000|  0%| F|  |TAMS 0x0000000747500000, 0x0000000747500000| Untracked 
|  82|0x0000000747600000, 0x0000000747600000, 0x0000000747700000|  0%| F|  |TAMS 0x0000000747600000, 0x0000000747600000| Untracked 
|  83|0x0000000747700000, 0x0000000747700000, 0x0000000747800000|  0%| F|  |TAMS 0x0000000747700000, 0x0000000747700000| Untracked 
|  84|0x0000000747800000, 0x0000000747800000, 0x0000000747900000|  0%| F|  |TAMS 0x0000000747800000, 0x0000000747800000| Untracked 
|  85|0x0000000747900000, 0x0000000747900000, 0x0000000747a00000|  0%| F|  |TAMS 0x0000000747900000, 0x0000000747900000| Untracked 
|  86|0x0000000747a00000, 0x0000000747a00000, 0x0000000747b00000|  0%| F|  |TAMS 0x0000000747a00000, 0x0000000747a00000| Untracked 
|  87|0x0000000747b00000, 0x0000000747b00000, 0x0000000747c00000|  0%| F|  |TAMS 0x0000000747b00000, 0x0000000747b00000| Untracked 
|  88|0x0000000747c00000, 0x0000000747c00000, 0x0000000747d00000|  0%| F|  |TAMS 0x0000000747c00000, 0x0000000747c00000| Untracked 
|  89|0x0000000747d00000, 0x0000000747d00000, 0x0000000747e00000|  0%| F|  |TAMS 0x0000000747d00000, 0x0000000747d00000| Untracked 
|  90|0x0000000747e00000, 0x0000000747e00000, 0x0000000747f00000|  0%| F|  |TAMS 0x0000000747e00000, 0x0000000747e00000| Untracked 
|  91|0x0000000747f00000, 0x0000000747f00000, 0x0000000748000000|  0%| F|  |TAMS 0x0000000747f00000, 0x0000000747f00000| Untracked 
|  92|0x0000000748000000, 0x0000000748000000, 0x0000000748100000|  0%| F|  |TAMS 0x0000000748000000, 0x0000000748000000| Untracked 
|  93|0x0000000748100000, 0x0000000748100000, 0x0000000748200000|  0%| F|  |TAMS 0x0000000748100000, 0x0000000748100000| Untracked 
|  94|0x0000000748200000, 0x0000000748200000, 0x0000000748300000|  0%| F|  |TAMS 0x0000000748200000, 0x0000000748200000| Untracked 
|  95|0x0000000748300000, 0x0000000748300000, 0x0000000748400000|  0%| F|  |TAMS 0x0000000748300000, 0x0000000748300000| Untracked 
|  96|0x0000000748400000, 0x0000000748400000, 0x0000000748500000|  0%| F|  |TAMS 0x0000000748400000, 0x0000000748400000| Untracked 
|  97|0x0000000748500000, 0x0000000748500000, 0x0000000748600000|  0%| F|  |TAMS 0x0000000748500000, 0x0000000748500000| Untracked 
|  98|0x0000000748600000, 0x0000000748600000, 0x0000000748700000|  0%| F|  |TAMS 0x0000000748600000, 0x0000000748600000| Untracked 
|  99|0x0000000748700000, 0x0000000748700000, 0x0000000748800000|  0%| F|  |TAMS 0x0000000748700000, 0x0000000748700000| Untracked 
| 100|0x0000000748800000, 0x0000000748800000, 0x0000000748900000|  0%| F|  |TAMS 0x0000000748800000, 0x0000000748800000| Untracked 
| 101|0x0000000748900000, 0x0000000748900000, 0x0000000748a00000|  0%| F|  |TAMS 0x0000000748900000, 0x0000000748900000| Untracked 
| 102|0x0000000748a00000, 0x0000000748a00000, 0x0000000748b00000|  0%| F|  |TAMS 0x0000000748a00000, 0x0000000748a00000| Untracked 
| 103|0x0000000748b00000, 0x0000000748b00000, 0x0000000748c00000|  0%| F|  |TAMS 0x0000000748b00000, 0x0000000748b00000| Untracked 
| 104|0x0000000748c00000, 0x0000000748c00000, 0x0000000748d00000|  0%| F|  |TAMS 0x0000000748c00000, 0x0000000748c00000| Untracked 
| 105|0x0000000748d00000, 0x0000000748d00000, 0x0000000748e00000|  0%| F|  |TAMS 0x0000000748d00000, 0x0000000748d00000| Untracked 
| 106|0x0000000748e00000, 0x0000000748e00000, 0x0000000748f00000|  0%| F|  |TAMS 0x0000000748e00000, 0x0000000748e00000| Untracked 
| 107|0x0000000748f00000, 0x0000000748f00000, 0x0000000749000000|  0%| F|  |TAMS 0x0000000748f00000, 0x0000000748f00000| Untracked 
| 108|0x0000000749000000, 0x0000000749000000, 0x0000000749100000|  0%| F|  |TAMS 0x0000000749000000, 0x0000000749000000| Untracked 
| 109|0x0000000749100000, 0x0000000749100000, 0x0000000749200000|  0%| F|  |TAMS 0x0000000749100000, 0x0000000749100000| Untracked 
| 110|0x0000000749200000, 0x0000000749200000, 0x0000000749300000|  0%| F|  |TAMS 0x0000000749200000, 0x0000000749200000| Untracked 
| 111|0x0000000749300000, 0x0000000749300000, 0x0000000749400000|  0%| F|  |TAMS 0x0000000749300000, 0x0000000749300000| Untracked 
| 112|0x0000000749400000, 0x0000000749400000, 0x0000000749500000|  0%| F|  |TAMS 0x0000000749400000, 0x0000000749400000| Untracked 
| 113|0x0000000749500000, 0x0000000749500000, 0x0000000749600000|  0%| F|  |TAMS 0x0000000749500000, 0x0000000749500000| Untracked 
| 114|0x0000000749600000, 0x0000000749600000, 0x0000000749700000|  0%| F|  |TAMS 0x0000000749600000, 0x0000000749600000| Untracked 
| 115|0x0000000749700000, 0x0000000749700000, 0x0000000749800000|  0%| F|  |TAMS 0x0000000749700000, 0x0000000749700000| Untracked 
| 116|0x0000000749800000, 0x0000000749800000, 0x0000000749900000|  0%| F|  |TAMS 0x0000000749800000, 0x0000000749800000| Untracked 
| 117|0x0000000749900000, 0x0000000749900000, 0x0000000749a00000|  0%| F|  |TAMS 0x0000000749900000, 0x0000000749900000| Untracked 
| 118|0x0000000749a00000, 0x0000000749a00000, 0x0000000749b00000|  0%| F|  |TAMS 0x0000000749a00000, 0x0000000749a00000| Untracked 
| 119|0x0000000749b00000, 0x0000000749b00000, 0x0000000749c00000|  0%| F|  |TAMS 0x0000000749b00000, 0x0000000749b00000| Untracked 
| 120|0x0000000749c00000, 0x0000000749c00000, 0x0000000749d00000|  0%| F|  |TAMS 0x0000000749c00000, 0x0000000749c00000| Untracked 
| 121|0x0000000749d00000, 0x0000000749d00000, 0x0000000749e00000|  0%| F|  |TAMS 0x0000000749d00000, 0x0000000749d00000| Untracked 
| 122|0x0000000749e00000, 0x0000000749e00000, 0x0000000749f00000|  0%| F|  |TAMS 0x0000000749e00000, 0x0000000749e00000| Untracked 
| 123|0x0000000749f00000, 0x0000000749f00000, 0x000000074a000000|  0%| F|  |TAMS 0x0000000749f00000, 0x0000000749f00000| Untracked 
| 124|0x000000074a000000, 0x000000074a000000, 0x000000074a100000|  0%| F|  |TAMS 0x000000074a000000, 0x000000074a000000| Untracked 
| 125|0x000000074a100000, 0x000000074a100000, 0x000000074a200000|  0%| F|  |TAMS 0x000000074a100000, 0x000000074a100000| Untracked 
| 126|0x000000074a200000, 0x000000074a200000, 0x000000074a300000|  0%| F|  |TAMS 0x000000074a200000, 0x000000074a200000| Untracked 
| 127|0x000000074a300000, 0x000000074a300000, 0x000000074a400000|  0%| F|  |TAMS 0x000000074a300000, 0x000000074a300000| Untracked 
| 128|0x000000074a400000, 0x000000074a400000, 0x000000074a500000|  0%| F|  |TAMS 0x000000074a400000, 0x000000074a400000| Untracked 
| 129|0x000000074a500000, 0x000000074a500000, 0x000000074a600000|  0%| F|  |TAMS 0x000000074a500000, 0x000000074a500000| Untracked 
| 130|0x000000074a600000, 0x000000074a600000, 0x000000074a700000|  0%| F|  |TAMS 0x000000074a600000, 0x000000074a600000| Untracked 
| 131|0x000000074a700000, 0x000000074a700000, 0x000000074a800000|  0%| F|  |TAMS 0x000000074a700000, 0x000000074a700000| Untracked 
| 132|0x000000074a800000, 0x000000074a800000, 0x000000074a900000|  0%| F|  |TAMS 0x000000074a800000, 0x000000074a800000| Untracked 
| 133|0x000000074a900000, 0x000000074a900000, 0x000000074aa00000|  0%| F|  |TAMS 0x000000074a900000, 0x000000074a900000| Untracked 
| 134|0x000000074aa00000, 0x000000074aa00000, 0x000000074ab00000|  0%| F|  |TAMS 0x000000074aa00000, 0x000000074aa00000| Untracked 
| 135|0x000000074ab00000, 0x000000074ab00000, 0x000000074ac00000|  0%| F|  |TAMS 0x000000074ab00000, 0x000000074ab00000| Untracked 
| 136|0x000000074ac00000, 0x000000074ac00000, 0x000000074ad00000|  0%| F|  |TAMS 0x000000074ac00000, 0x000000074ac00000| Untracked 
| 137|0x000000074ad00000, 0x000000074ad00000, 0x000000074ae00000|  0%| F|  |TAMS 0x000000074ad00000, 0x000000074ad00000| Untracked 
| 138|0x000000074ae00000, 0x000000074ae00000, 0x000000074af00000|  0%| F|  |TAMS 0x000000074ae00000, 0x000000074ae00000| Untracked 
| 139|0x000000074af00000, 0x000000074af00000, 0x000000074b000000|  0%| F|  |TAMS 0x000000074af00000, 0x000000074af00000| Untracked 
| 140|0x000000074b000000, 0x000000074b000000, 0x000000074b100000|  0%| F|  |TAMS 0x000000074b000000, 0x000000074b000000| Untracked 
| 141|0x000000074b100000, 0x000000074b100000, 0x000000074b200000|  0%| F|  |TAMS 0x000000074b100000, 0x000000074b100000| Untracked 
| 142|0x000000074b200000, 0x000000074b200000, 0x000000074b300000|  0%| F|  |TAMS 0x000000074b200000, 0x000000074b200000| Untracked 
| 143|0x000000074b300000, 0x000000074b300000, 0x000000074b400000|  0%| F|  |TAMS 0x000000074b300000, 0x000000074b300000| Untracked 
| 144|0x000000074b400000, 0x000000074b400000, 0x000000074b500000|  0%| F|  |TAMS 0x000000074b400000, 0x000000074b400000| Untracked 
| 145|0x000000074b500000, 0x000000074b500000, 0x000000074b600000|  0%| F|  |TAMS 0x000000074b500000, 0x000000074b500000| Untracked 
| 146|0x000000074b600000, 0x000000074b600000, 0x000000074b700000|  0%| F|  |TAMS 0x000000074b600000, 0x000000074b600000| Untracked 
| 147|0x000000074b700000, 0x000000074b700000, 0x000000074b800000|  0%| F|  |TAMS 0x000000074b700000, 0x000000074b700000| Untracked 
| 148|0x000000074b800000, 0x000000074b800000, 0x000000074b900000|  0%| F|  |TAMS 0x000000074b800000, 0x000000074b800000| Untracked 
| 149|0x000000074b900000, 0x000000074b900000, 0x000000074ba00000|  0%| F|  |TAMS 0x000000074b900000, 0x000000074b900000| Untracked 
| 150|0x000000074ba00000, 0x000000074ba00000, 0x000000074bb00000|  0%| F|  |TAMS 0x000000074ba00000, 0x000000074ba00000| Untracked 
| 151|0x000000074bb00000, 0x000000074bb00000, 0x000000074bc00000|  0%| F|  |TAMS 0x000000074bb00000, 0x000000074bb00000| Untracked 
| 152|0x000000074bc00000, 0x000000074bc00000, 0x000000074bd00000|  0%| F|  |TAMS 0x000000074bc00000, 0x000000074bc00000| Untracked 
| 153|0x000000074bd00000, 0x000000074bd00000, 0x000000074be00000|  0%| F|  |TAMS 0x000000074bd00000, 0x000000074bd00000| Untracked 
| 154|0x000000074be00000, 0x000000074be00000, 0x000000074bf00000|  0%| F|  |TAMS 0x000000074be00000, 0x000000074be00000| Untracked 
| 155|0x000000074bf00000, 0x000000074bf00000, 0x000000074c000000|  0%| F|  |TAMS 0x000000074bf00000, 0x000000074bf00000| Untracked 
| 156|0x000000074c000000, 0x000000074c000000, 0x000000074c100000|  0%| F|  |TAMS 0x000000074c000000, 0x000000074c000000| Untracked 
| 157|0x000000074c100000, 0x000000074c100000, 0x000000074c200000|  0%| F|  |TAMS 0x000000074c100000, 0x000000074c100000| Untracked 
| 158|0x000000074c200000, 0x000000074c256ae0, 0x000000074c300000| 33%| S|CS|TAMS 0x000000074c200000, 0x000000074c200000| Complete 
| 159|0x000000074c300000, 0x000000074c400000, 0x000000074c400000|100%| S|CS|TAMS 0x000000074c300000, 0x000000074c300000| Complete 
| 160|0x000000074c400000, 0x000000074c500000, 0x000000074c500000|100%| S|CS|TAMS 0x000000074c400000, 0x000000074c400000| Complete 
| 161|0x000000074c500000, 0x000000074c600000, 0x000000074c600000|100%| S|CS|TAMS 0x000000074c500000, 0x000000074c500000| Complete 
| 162|0x000000074c600000, 0x000000074c700000, 0x000000074c700000|100%| S|CS|TAMS 0x000000074c600000, 0x000000074c600000| Complete 
| 163|0x000000074c700000, 0x000000074c800000, 0x000000074c800000|100%| S|CS|TAMS 0x000000074c700000, 0x000000074c700000| Complete 
| 164|0x000000074c800000, 0x000000074c900000, 0x000000074c900000|100%| S|CS|TAMS 0x000000074c800000, 0x000000074c800000| Complete 
| 165|0x000000074c900000, 0x000000074ca00000, 0x000000074ca00000|100%| S|CS|TAMS 0x000000074c900000, 0x000000074c900000| Complete 
| 166|0x000000074ca00000, 0x000000074ca00000, 0x000000074cb00000|  0%| F|  |TAMS 0x000000074ca00000, 0x000000074ca00000| Untracked 
| 167|0x000000074cb00000, 0x000000074cb00000, 0x000000074cc00000|  0%| F|  |TAMS 0x000000074cb00000, 0x000000074cb00000| Untracked 
| 168|0x000000074cc00000, 0x000000074cc00000, 0x000000074cd00000|  0%| F|  |TAMS 0x000000074cc00000, 0x000000074cc00000| Untracked 
| 169|0x000000074cd00000, 0x000000074cd00000, 0x000000074ce00000|  0%| F|  |TAMS 0x000000074cd00000, 0x000000074cd00000| Untracked 
| 170|0x000000074ce00000, 0x000000074ce00000, 0x000000074cf00000|  0%| F|  |TAMS 0x000000074ce00000, 0x000000074ce00000| Untracked 
| 171|0x000000074cf00000, 0x000000074cf00000, 0x000000074d000000|  0%| F|  |TAMS 0x000000074cf00000, 0x000000074cf00000| Untracked 
| 172|0x000000074d000000, 0x000000074d000000, 0x000000074d100000|  0%| F|  |TAMS 0x000000074d000000, 0x000000074d000000| Untracked 
| 173|0x000000074d100000, 0x000000074d100000, 0x000000074d200000|  0%| F|  |TAMS 0x000000074d100000, 0x000000074d100000| Untracked 
| 174|0x000000074d200000, 0x000000074d200000, 0x000000074d300000|  0%| F|  |TAMS 0x000000074d200000, 0x000000074d200000| Untracked 
| 175|0x000000074d300000, 0x000000074d300000, 0x000000074d400000|  0%| F|  |TAMS 0x000000074d300000, 0x000000074d300000| Untracked 
| 176|0x000000074d400000, 0x000000074d400000, 0x000000074d500000|  0%| F|  |TAMS 0x000000074d400000, 0x000000074d400000| Untracked 
| 177|0x000000074d500000, 0x000000074d500000, 0x000000074d600000|  0%| F|  |TAMS 0x000000074d500000, 0x000000074d500000| Untracked 
| 178|0x000000074d600000, 0x000000074d600000, 0x000000074d700000|  0%| F|  |TAMS 0x000000074d600000, 0x000000074d600000| Untracked 
| 179|0x000000074d700000, 0x000000074d700000, 0x000000074d800000|  0%| F|  |TAMS 0x000000074d700000, 0x000000074d700000| Untracked 
| 180|0x000000074d800000, 0x000000074d800000, 0x000000074d900000|  0%| F|  |TAMS 0x000000074d800000, 0x000000074d800000| Untracked 
| 181|0x000000074d900000, 0x000000074d900000, 0x000000074da00000|  0%| F|  |TAMS 0x000000074d900000, 0x000000074d900000| Untracked 
| 182|0x000000074da00000, 0x000000074da00000, 0x000000074db00000|  0%| F|  |TAMS 0x000000074da00000, 0x000000074da00000| Untracked 
| 183|0x000000074db00000, 0x000000074db00000, 0x000000074dc00000|  0%| F|  |TAMS 0x000000074db00000, 0x000000074db00000| Untracked 
| 184|0x000000074dc00000, 0x000000074dc00000, 0x000000074dd00000|  0%| F|  |TAMS 0x000000074dc00000, 0x000000074dc00000| Untracked 
| 185|0x000000074dd00000, 0x000000074dd00000, 0x000000074de00000|  0%| F|  |TAMS 0x000000074dd00000, 0x000000074dd00000| Untracked 
| 186|0x000000074de00000, 0x000000074de00000, 0x000000074df00000|  0%| F|  |TAMS 0x000000074de00000, 0x000000074de00000| Untracked 
| 187|0x000000074df00000, 0x000000074df00000, 0x000000074e000000|  0%| F|  |TAMS 0x000000074df00000, 0x000000074df00000| Untracked 
| 188|0x000000074e000000, 0x000000074e000000, 0x000000074e100000|  0%| F|  |TAMS 0x000000074e000000, 0x000000074e000000| Untracked 
| 189|0x000000074e100000, 0x000000074e100000, 0x000000074e200000|  0%| F|  |TAMS 0x000000074e100000, 0x000000074e100000| Untracked 

Card table byte_map: [0x000002a22f4a0000,0x000002a22fa90000] _byte_map_base: 0x000002a22ba8e000

Marking Bits (Prev, Next): (CMBitMap*) 0x000002a215372750, (CMBitMap*) 0x000002a215372718
 Prev Bits: [0x000002a232ff0000, 0x000002a235f60000)
 Next Bits: [0x000002a230080000, 0x000002a232ff0000)

Polling page: 0x000002a216ba0000

Metaspace:

Usage:
  Non-class:     30.74 MB capacity,    30.22 MB ( 98%) used,   420.16 KB (  1%) free+waste,   110.75 KB ( <1%) overhead. 
      Class:      4.26 MB capacity,     3.92 MB ( 92%) used,   295.31 KB (  7%) free+waste,    52.38 KB (  1%) overhead. 
       Both:     35.00 MB capacity,    34.14 MB ( 98%) used,   715.47 KB (  2%) free+waste,   163.13 KB ( <1%) overhead. 

Virtual space:
  Non-class space:       32.00 MB reserved,      30.75 MB ( 96%) committed 
      Class space:        1.00 GB reserved,       4.38 MB ( <1%) committed 
             Both:        1.03 GB reserved,      35.13 MB (  3%) committed 

Chunk freelists:
   Non-Class:  13.00 KB
       Class:  20.00 KB
        Both:  33.00 KB

MaxMetaspaceSize: 17179869184.00 GB
CompressedClassSpaceSize: 1.00 GB
Initial GC threshold: 20.80 MB
Current GC threshold: 35.20 MB
CDS: off

CodeHeap 'non-profiled nmethods': size=120000Kb used=1606Kb max_used=1606Kb free=118393Kb
 bounds [0x000002a226cd0000, 0x000002a226f40000, 0x000002a22e200000]
CodeHeap 'profiled nmethods': size=120000Kb used=7153Kb max_used=7153Kb free=112846Kb
 bounds [0x000002a21f7a0000, 0x000002a21fea0000, 0x000002a226cd0000]
CodeHeap 'non-nmethods': size=5760Kb used=1208Kb max_used=1262Kb free=4551Kb
 bounds [0x000002a21f200000, 0x000002a21f470000, 0x000002a21f7a0000]
 total_blobs=3683 nmethods=3216 adapters=379
 compilation: enabled
              stopped_count=0, restarted_count=0
 full_count=0

Compilation events (20 events):
Event: 2.373 Thread 0x000002a23958c800 3212       3       java.lang.System::checkKey (34 bytes)
Event: 2.373 Thread 0x000002a23958c800 nmethod 3212 0x000002a21fe95310 code [0x000002a21fe95500, 0x000002a21fe95828]
Event: 2.373 Thread 0x000002a23958c800 3213       3       java.lang.System::getProperty (25 bytes)
Event: 2.373 Thread 0x000002a23958c800 nmethod 3213 0x000002a21fe95990 code [0x000002a21fe95bc0, 0x000002a21fe961c8]
Event: 2.378 Thread 0x000002a23958c800 3215       3       com.sun.proxy.$Proxy24::<init> (6 bytes)
Event: 2.378 Thread 0x000002a23958c800 nmethod 3215 0x000002a21fe96410 code [0x000002a21fe965e0, 0x000002a21fe96988]
Event: 2.379 Thread 0x000002a23958c800 3219       3       org.springframework.aop.scope.ScopedProxyUtils::isScopedTarget (19 bytes)
Event: 2.379 Thread 0x000002a23958c800 nmethod 3219 0x000002a21fe96b10 code [0x000002a21fe96ce0, 0x000002a21fe96f08]
Event: 2.379 Thread 0x000002a23958c800 3221       3       org.springframework.beans.factory.support.DefaultListableBeanFactory::findMergedAnnotationOnBean (148 bytes)
Event: 2.380 Thread 0x000002a23958c800 nmethod 3221 0x000002a21fe97010 code [0x000002a21fe97460, 0x000002a21fe996d8]
Event: 2.380 Thread 0x000002a23958c800 3222   !   3       com.sun.proxy.$Proxy36::annotationType (29 bytes)
Event: 2.380 Thread 0x000002a23958c800 nmethod 3222 0x000002a21fe9a190 code [0x000002a21fe9a380, 0x000002a21fe9a798]
Event: 2.390 Thread 0x000002a23958c800 3223       3       java.util.Collections::unmodifiableList (27 bytes)
Event: 2.390 Thread 0x000002a23958c800 nmethod 3223 0x000002a21fe9a990 code [0x000002a21fe9abc0, 0x000002a21fe9b558]
Event: 2.390 Thread 0x000002a23958c800 3224       3       java.util.Collections$UnmodifiableRandomAccessList::<init> (6 bytes)
Event: 2.391 Thread 0x000002a23958c800 nmethod 3224 0x000002a21fe9b810 code [0x000002a21fe9ba00, 0x000002a21fe9bde8]
Event: 2.391 Thread 0x000002a23958c800 3226       1       org.springframework.util.MimeType::getType (5 bytes)
Event: 2.391 Thread 0x000002a23958c800 nmethod 3226 0x000002a226e61690 code [0x000002a226e61840, 0x000002a226e618f8]
Event: 2.391 Thread 0x000002a23958c800 3225       3       java.util.Collections$UnmodifiableList::<init> (11 bytes)
Event: 2.391 Thread 0x000002a23958c800 nmethod 3225 0x000002a21fe9bf10 code [0x000002a21fe9c0e0, 0x000002a21fe9c468]

GC Heap History (9 events):
Event: 0.631 GC heap before
{Heap before GC invocations=0 (full 0):
 garbage-first heap   total 194560K, used 23552K [0x0000000742400000, 0x0000000800000000)
  region size 1024K, 24 young (24576K), 0 survivors (0K)
 Metaspace       used 14241K, capacity 14516K, committed 14720K, reserved 1062912K
  class space    used 1438K, capacity 1546K, committed 1664K, reserved 1048576K
}
Event: 0.636 GC heap after
{Heap after GC invocations=1 (full 0):
 garbage-first heap   total 194560K, used 4623K [0x0000000742400000, 0x0000000800000000)
  region size 1024K, 3 young (3072K), 3 survivors (3072K)
 Metaspace       used 14241K, capacity 14516K, committed 14720K, reserved 1062912K
  class space    used 1438K, capacity 1546K, committed 1664K, reserved 1048576K
}
Event: 0.889 GC heap before
{Heap before GC invocations=1 (full 0):
 garbage-first heap   total 194560K, used 29199K [0x0000000742400000, 0x0000000800000000)
  region size 1024K, 28 young (28672K), 3 survivors (3072K)
 Metaspace       used 20604K, capacity 21133K, committed 21296K, reserved 1069056K
  class space    used 2228K, capacity 2417K, committed 2432K, reserved 1048576K
}
Event: 0.894 GC heap after
{Heap after GC invocations=2 (full 0):
 garbage-first heap   total 194560K, used 5942K [0x0000000742400000, 0x0000000800000000)
  region size 1024K, 5 young (5120K), 5 survivors (5120K)
 Metaspace       used 20604K, capacity 21133K, committed 21296K, reserved 1069056K
  class space    used 2228K, capacity 2417K, committed 2432K, reserved 1048576K
}
Event: 1.039 GC heap before
{Heap before GC invocations=3 (full 0):
 garbage-first heap   total 194560K, used 18230K [0x0000000742400000, 0x0000000800000000)
  region size 1024K, 17 young (17408K), 5 survivors (5120K)
 Metaspace       used 23326K, capacity 23906K, committed 24192K, reserved 1071104K
  class space    used 2603K, capacity 2835K, committed 2944K, reserved 1048576K
}
Event: 1.044 GC heap after
{Heap after GC invocations=4 (full 0):
 garbage-first heap   total 194560K, used 6616K [0x0000000742400000, 0x0000000800000000)
  region size 1024K, 2 young (2048K), 2 survivors (2048K)
 Metaspace       used 23326K, capacity 23906K, committed 24192K, reserved 1071104K
  class space    used 2603K, capacity 2835K, committed 2944K, reserved 1048576K
}
Event: 2.088 GC heap before
{Heap before GC invocations=4 (full 0):
 garbage-first heap   total 194560K, used 55768K [0x0000000742400000, 0x0000000800000000)
  region size 1024K, 51 young (52224K), 2 survivors (2048K)
 Metaspace       used 31549K, capacity 32394K, committed 32640K, reserved 1077248K
  class space    used 3578K, capacity 3927K, committed 3968K, reserved 1048576K
}
Event: 2.092 GC heap after
{Heap after GC invocations=5 (full 0):
 garbage-first heap   total 194560K, used 9884K [0x0000000742400000, 0x0000000800000000)
  region size 1024K, 6 young (6144K), 6 survivors (6144K)
 Metaspace       used 31549K, capacity 32394K, committed 32640K, reserved 1077248K
  class space    used 3578K, capacity 3927K, committed 3968K, reserved 1048576K
}
Event: 2.397 GC heap before
{Heap before GC invocations=5 (full 0):
 garbage-first heap   total 194560K, used 33436K [0x0000000742400000, 0x0000000800000000)
  region size 1024K, 30 young (30720K), 6 survivors (6144K)
 Metaspace       used 34960K, capacity 35839K, committed 35968K, reserved 1081344K
  class space    used 4016K, capacity 4364K, committed 4480K, reserved 1048576K
}

Deoptimization events (20 events):
Event: 2.133 Thread 0x000002a21531b800 DEOPT PACKING pc=0x000002a21fd962c6 sp=0x000000d6ecefc8c0
Event: 2.133 Thread 0x000002a21531b800 DEOPT UNPACKING pc=0x000002a21f24a95e sp=0x000000d6ecefbdd8 mode 0
Event: 2.155 Thread 0x000002a21531b800 DEOPT PACKING pc=0x000002a21fd962c6 sp=0x000000d6ecefc6c0
Event: 2.155 Thread 0x000002a21531b800 DEOPT UNPACKING pc=0x000002a21f24a95e sp=0x000000d6ecefbbd8 mode 0
Event: 2.163 Thread 0x000002a21531b800 DEOPT PACKING pc=0x000002a21fd962c6 sp=0x000000d6ecefc790
Event: 2.163 Thread 0x000002a21531b800 DEOPT UNPACKING pc=0x000002a21f24a95e sp=0x000000d6ecefbca8 mode 0
Event: 2.190 Thread 0x000002a21531b800 Uncommon trap: trap_request=0xffffff4d fr.pc=0x000002a226df1484 relative=0x00000000000008e4
Event: 2.190 Thread 0x000002a21531b800 Uncommon trap: reason=unstable_if action=reinterpret pc=0x000002a226df1484 method=org.springframework.util.ConcurrentReferenceHashMap$Segment.findInChain(Lorg/springframework/util/ConcurrentReferenceHashMap$Reference;Ljava/lang/Object;I)Lorg/springframewo
Event: 2.190 Thread 0x000002a21531b800 DEOPT PACKING pc=0x000002a226df1484 sp=0x000000d6ecefcb00
Event: 2.190 Thread 0x000002a21531b800 DEOPT UNPACKING pc=0x000002a21f24a1af sp=0x000000d6ecefc938 mode 2
Event: 2.274 Thread 0x000002a21531b800 Uncommon trap: trap_request=0xffffff4d fr.pc=0x000002a226dfeb78 relative=0x00000000000024f8
Event: 2.274 Thread 0x000002a21531b800 Uncommon trap: reason=unstable_if action=reinterpret pc=0x000002a226dfeb78 method=org.springframework.beans.factory.support.AbstractBeanFactory.isTypeMatch(Ljava/lang/String;Lorg/springframework/core/ResolvableType;Z)Z @ 581 c2
Event: 2.274 Thread 0x000002a21531b800 DEOPT PACKING pc=0x000002a226dfeb78 sp=0x000000d6ecefdc60
Event: 2.274 Thread 0x000002a21531b800 DEOPT UNPACKING pc=0x000002a21f24a1af sp=0x000000d6ecefdc10 mode 2
Event: 2.279 Thread 0x000002a21531b800 Uncommon trap: trap_request=0xffffff4d fr.pc=0x000002a226e40250 relative=0x00000000000008f0
Event: 2.279 Thread 0x000002a21531b800 Uncommon trap: reason=unstable_if action=reinterpret pc=0x000002a226e40250 method=java.lang.PublicMethods$MethodList.filter([Ljava/lang/reflect/Method;Ljava/lang/String;[Ljava/lang/Class;Z)Ljava/lang/PublicMethods$MethodList; @ 43 c2
Event: 2.279 Thread 0x000002a21531b800 DEOPT PACKING pc=0x000002a226e40250 sp=0x000000d6ecefaef0
Event: 2.279 Thread 0x000002a21531b800 DEOPT UNPACKING pc=0x000002a21f24a1af sp=0x000000d6ecefaeb0 mode 2
Event: 2.297 Thread 0x000002a21531b800 DEOPT PACKING pc=0x000002a21fb7fb11 sp=0x000000d6ecefaa10
Event: 2.297 Thread 0x000002a21531b800 DEOPT UNPACKING pc=0x000002a21f24a95e sp=0x000000d6ecef9ee8 mode 0

Classes redefined (0 events):
No events

Internal exceptions (20 events):
Event: 2.120 Thread 0x000002a21531b800 Exception <a 'java/io/FileNotFoundException'{0x000000074dfd2670}> (0x000000074dfd2670) thrown at [./src/hotspot/share/prims/jni.cpp, line 615]
Event: 2.139 Thread 0x000002a21531b800 Exception <a 'java/lang/NoSuchMethodError'{0x000000074dedc540}: 'int java.lang.invoke.DirectMethodHandle$Holder.invokeInterface(java.lang.Object, java.lang.Object, java.lang.Object, java.lang.Object)'> (0x000000074dedc540) thrown at [./src/hotspot/share/interpreter/linkResolver.cpp, line 773]
Event: 2.169 Thread 0x000002a21531b800 Exception <a 'java/io/FileNotFoundException'{0x000000074dcefa70}> (0x000000074dcefa70) thrown at [./src/hotspot/share/prims/jni.cpp, line 615]
Event: 2.187 Thread 0x000002a21531b800 Exception <a 'java/lang/ClassNotFoundException'{0x000000074da72028}: java/lang/ObjectCustomizer> (0x000000074da72028) thrown at [./src/hotspot/share/classfile/systemDictionary.cpp, line 231]
Event: 2.187 Thread 0x000002a21531b800 Exception <a 'java/lang/ClassNotFoundException'{0x000000074da7dbe8}: org/springframework/messaging/simp/config/AbstractMessageBrokerConfigurationCustomizer> (0x000000074da7dbe8) thrown at [./src/hotspot/share/classfile/systemDictionary.cpp, line 231]
Event: 2.188 Thread 0x000002a21531b800 Exception <a 'java/lang/ClassNotFoundException'{0x000000074da95a80}: org/springframework/web/socket/config/annotation/WebSocketMessageBrokerConfigurationSupportCustomizer> (0x000000074da95a80) thrown at [./src/hotspot/share/classfile/systemDictionary.cpp, line 231]
Event: 2.188 Thread 0x000002a21531b800 Exception <a 'java/lang/ClassNotFoundException'{0x000000074daa2eb8}: org/springframework/web/socket/config/annotation/DelegatingWebSocketMessageBrokerConfigurationCustomizer> (0x000000074daa2eb8) thrown at [./src/hotspot/share/classfile/systemDictionary.cpp, line 231]
Event: 2.189 Thread 0x000002a21531b800 Exception <a 'java/lang/ClassNotFoundException'{0x000000074dab1da0}: org/springframework/context/ApplicationContextAwareCustomizer> (0x000000074dab1da0) thrown at [./src/hotspot/share/classfile/systemDictionary.cpp, line 231]
Event: 2.189 Thread 0x000002a21531b800 Exception <a 'java/lang/ClassNotFoundException'{0x000000074dab98d0}: org/springframework/beans/factory/AwareCustomizer> (0x000000074dab98d0) thrown at [./src/hotspot/share/classfile/systemDictionary.cpp, line 231]
Event: 2.300 Thread 0x000002a21531b800 Exception <a 'java/lang/ClassNotFoundException'{0x000000074d103118}: java/lang/ObjectCustomizer> (0x000000074d103118) thrown at [./src/hotspot/share/classfile/systemDictionary.cpp, line 231]
Event: 2.300 Thread 0x000002a21531b800 Exception <a 'java/lang/ClassNotFoundException'{0x000000074d10ecf8}: org/springframework/web/servlet/config/annotation/WebMvcConfigurationSupportCustomizer> (0x000000074d10ecf8) thrown at [./src/hotspot/share/classfile/systemDictionary.cpp, line 231]
Event: 2.301 Thread 0x000002a21531b800 Exception <a 'java/lang/ClassNotFoundException'{0x000000074d1267f0}: org/springframework/web/servlet/config/annotation/DelegatingWebMvcConfigurationCustomizer> (0x000000074d1267f0) thrown at [./src/hotspot/share/classfile/systemDictionary.cpp, line 231]
Event: 2.301 Thread 0x000002a21531b800 Exception <a 'java/lang/ClassNotFoundException'{0x000000074d1348d8}: org/springframework/boot/autoconfigure/web/servlet/WebMvcAutoConfiguration$EnableWebMvcConfigurationCustomizer> (0x000000074d1348d8) thrown at [./src/hotspot/share/classfile/systemDictionary.cpp, line 231]
Event: 2.302 Thread 0x000002a21531b800 Exception <a 'java/lang/ClassNotFoundException'{0x000000074d14d4a8}: org/springframework/context/ResourceLoaderAwareCustomizer> (0x000000074d14d4a8) thrown at [./src/hotspot/share/classfile/systemDictionary.cpp, line 231]
Event: 2.302 Thread 0x000002a21531b800 Exception <a 'java/lang/ClassNotFoundException'{0x000000074d154e30}: org/springframework/beans/factory/AwareCustomizer> (0x000000074d154e30) thrown at [./src/hotspot/share/classfile/systemDictionary.cpp, line 231]
Event: 2.302 Thread 0x000002a21531b800 Exception <a 'java/lang/ClassNotFoundException'{0x000000074d15c4b8}: org/springframework/context/ApplicationContextAwareCustomizer> (0x000000074d15c4b8) thrown at [./src/hotspot/share/classfile/systemDictionary.cpp, line 231]
Event: 2.302 Thread 0x000002a21531b800 Exception <a 'java/lang/ClassNotFoundException'{0x000000074d164398}: org/springframework/beans/factory/AwareCustomizer> (0x000000074d164398) thrown at [./src/hotspot/share/classfile/systemDictionary.cpp, line 231]
Event: 2.303 Thread 0x000002a21531b800 Exception <a 'java/lang/ClassNotFoundException'{0x000000074d16ba38}: org/springframework/web/context/ServletContextAwareCustomizer> (0x000000074d16ba38) thrown at [./src/hotspot/share/classfile/systemDictionary.cpp, line 231]
Event: 2.303 Thread 0x000002a21531b800 Exception <a 'java/lang/ClassNotFoundException'{0x000000074d173828}: org/springframework/beans/factory/AwareCustomizer> (0x000000074d173828) thrown at [./src/hotspot/share/classfile/systemDictionary.cpp, line 231]
Event: 2.334 Thread 0x000002a21531b800 Exception <a 'java/lang/NoSuchMethodError'{0x000000074cf67c48}: 'int java.lang.invoke.DirectMethodHandle$Holder.invokeVirtual(java.lang.Object, java.lang.Object, java.lang.Object)'> (0x000000074cf67c48) thrown at [./src/hotspot/share/interpreter/linkResolver.cpp, line 773]

Events (20 events):
Event: 2.394 loading class org/springframework/web/servlet/mvc/support/RedirectAttributesModelMap done
Event: 2.394 loading class org/springframework/web/servlet/mvc/support/RedirectAttributes
Event: 2.394 loading class org/springframework/web/servlet/mvc/support/RedirectAttributes done
Event: 2.394 loading class org/springframework/ui/Model
Event: 2.394 loading class org/springframework/ui/Model done
Event: 2.395 Executing VM operation: Deoptimize
Event: 2.395 Executing VM operation: Deoptimize done
Event: 2.395 loading class org/springframework/web/method/annotation/ModelMethodProcessor
Event: 2.395 loading class org/springframework/web/method/annotation/ModelMethodProcessor done
Event: 2.395 loading class org/springframework/web/method/annotation/MapMethodProcessor
Event: 2.395 loading class org/springframework/web/method/annotation/MapMethodProcessor done
Event: 2.396 loading class org/springframework/web/method/annotation/ErrorsMethodArgumentResolver
Event: 2.396 loading class org/springframework/web/method/annotation/ErrorsMethodArgumentResolver done
Event: 2.396 loading class org/springframework/web/method/annotation/SessionStatusMethodArgumentResolver
Event: 2.396 loading class org/springframework/web/method/annotation/SessionStatusMethodArgumentResolver done
Event: 2.396 loading class org/springframework/web/servlet/mvc/method/annotation/UriComponentsBuilderMethodArgumentResolver
Event: 2.396 loading class org/springframework/web/servlet/mvc/method/annotation/UriComponentsBuilderMethodArgumentResolver done
Event: 2.396 loading class org/springframework/web/servlet/mvc/method/annotation/PrincipalMethodArgumentResolver
Event: 2.396 loading class org/springframework/web/servlet/mvc/method/annotation/PrincipalMethodArgumentResolver done
Event: 2.396 Executing VM operation: CollectForMetadataAllocation


Dynamic libraries:
0x00007ff7bedb0000 - 0x00007ff7bedbd000 	C:\Users\user\.jdks\corretto-11.0.12\bin\java.exe
0x00007ffec8de0000 - 0x00007ffec8fe9000 	C:\WINDOWS\SYSTEM32\ntdll.dll
0x00007ffe9e740000 - 0x00007ffe9e756000 	C:\Program Files\Avast Software\Avast\aswhook.dll
0x00007ffec7b20000 - 0x00007ffec7bdd000 	C:\WINDOWS\System32\KERNEL32.DLL
0x00007ffec6730000 - 0x00007ffec6aa4000 	C:\WINDOWS\System32\KERNELBASE.dll
0x00007ffec6390000 - 0x00007ffec64a1000 	C:\WINDOWS\System32\ucrtbase.dll
0x00007ffebcb40000 - 0x00007ffebcb59000 	C:\Users\user\.jdks\corretto-11.0.12\bin\VCRUNTIME140.dll
0x00007ffeadd50000 - 0x00007ffeadd67000 	C:\Users\user\.jdks\corretto-11.0.12\bin\jli.dll
0x00007ffec8520000 - 0x00007ffec86cc000 	C:\WINDOWS\System32\USER32.dll
0x00007ffec6ab0000 - 0x00007ffec6ad6000 	C:\WINDOWS\System32\win32u.dll
0x00007ffeb6ff0000 - 0x00007ffeb7295000 	C:\WINDOWS\WinSxS\amd64_microsoft.windows.common-controls_6595b64144ccf1df_6.0.22000.120_none_9d947278b86cc467\COMCTL32.dll
0x00007ffec7af0000 - 0x00007ffec7b19000 	C:\WINDOWS\System32\GDI32.dll
0x00007ffec72a0000 - 0x00007ffec7343000 	C:\WINDOWS\System32\msvcrt.dll
0x00007ffec6b60000 - 0x00007ffec6c72000 	C:\WINDOWS\System32\gdi32full.dll
0x00007ffec6520000 - 0x00007ffec65bd000 	C:\WINDOWS\System32\msvcp_win.dll
0x00007ffec73f0000 - 0x00007ffec7421000 	C:\WINDOWS\System32\IMM32.DLL
0x00007ffe9b1b0000 - 0x00007ffe9b24b000 	C:\Users\user\.jdks\corretto-11.0.12\bin\msvcp140.dll
0x00007ffe27000000 - 0x00007ffe27b5a000 	C:\Users\user\.jdks\corretto-11.0.12\bin\server\jvm.dll
0x00007ffec6d70000 - 0x00007ffec6e1e000 	C:\WINDOWS\System32\ADVAPI32.dll
0x00007ffec8a50000 - 0x00007ffec8aee000 	C:\WINDOWS\System32\sechost.dll
0x00007ffec6ff0000 - 0x00007ffec7110000 	C:\WINDOWS\System32\RPCRT4.dll
0x00007ffec7110000 - 0x00007ffec7118000 	C:\WINDOWS\System32\PSAPI.DLL
0x00007ffec0890000 - 0x00007ffec08c3000 	C:\WINDOWS\SYSTEM32\WINMM.dll
0x00007ffeb3730000 - 0x00007ffeb3739000 	C:\WINDOWS\SYSTEM32\WSOCK32.dll
0x00007ffebd6b0000 - 0x00007ffebd6ba000 	C:\WINDOWS\SYSTEM32\VERSION.dll
0x00007ffec74c0000 - 0x00007ffec752f000 	C:\WINDOWS\System32\WS2_32.dll
0x00007ffec5410000 - 0x00007ffec5428000 	C:\WINDOWS\SYSTEM32\kernel.appcore.dll
0x00007ffebcb30000 - 0x00007ffebcb40000 	C:\Users\user\.jdks\corretto-11.0.12\bin\verify.dll
0x00007ffec3f80000 - 0x00007ffec41a1000 	C:\WINDOWS\SYSTEM32\DBGHELP.DLL
0x00007ffebd140000 - 0x00007ffebd171000 	C:\WINDOWS\SYSTEM32\dbgcore.DLL
0x00007ffec6ae0000 - 0x00007ffec6b5f000 	C:\WINDOWS\System32\bcryptPrimitives.dll
0x00007ffeac190000 - 0x00007ffeac1b8000 	C:\Users\user\.jdks\corretto-11.0.12\bin\java.dll
0x00007ffebc820000 - 0x00007ffebc82a000 	C:\Users\user\.jdks\corretto-11.0.12\bin\jimage.dll
0x00007ffeb3bf0000 - 0x00007ffeb3bfe000 	C:\Users\user\.jdks\corretto-11.0.12\bin\instrument.dll
0x00007ffeac170000 - 0x00007ffeac187000 	C:\Users\user\.jdks\corretto-11.0.12\bin\zip.dll
0x00007ffec7c50000 - 0x00007ffec83fe000 	C:\WINDOWS\System32\SHELL32.dll
0x00007ffec4400000 - 0x00007ffec4c68000 	C:\WINDOWS\SYSTEM32\windows.storage.dll
0x00007ffec86d0000 - 0x00007ffec8a48000 	C:\WINDOWS\System32\combase.dll
0x00007ffec4290000 - 0x00007ffec43f6000 	C:\WINDOWS\SYSTEM32\wintypes.dll
0x00007ffec7190000 - 0x00007ffec727a000 	C:\WINDOWS\System32\SHCORE.dll
0x00007ffec7130000 - 0x00007ffec718d000 	C:\WINDOWS\System32\shlwapi.dll
0x00007ffec6200000 - 0x00007ffec6221000 	C:\WINDOWS\SYSTEM32\profapi.dll
0x00007ffeac150000 - 0x00007ffeac169000 	C:\Users\user\.jdks\corretto-11.0.12\bin\net.dll
0x00007ffebea30000 - 0x00007ffebeb3c000 	C:\WINDOWS\SYSTEM32\WINHTTP.dll
0x00007ffec58b0000 - 0x00007ffec5917000 	C:\WINDOWS\system32\mswsock.dll
0x00007ffeac130000 - 0x00007ffeac142000 	C:\Users\user\.jdks\corretto-11.0.12\bin\nio.dll
0x00007ffeaaed0000 - 0x00007ffeaaeea000 	D:\IntelliJ IDEA Community Edition 2021.1.1\bin\breakgen64.dll
0x00007ffeb3ba0000 - 0x00007ffeb3ba9000 	C:\Users\user\.jdks\corretto-11.0.12\bin\management.dll
0x00007ffeadbc0000 - 0x00007ffeadbcb000 	C:\Users\user\.jdks\corretto-11.0.12\bin\management_ext.dll
0x00007ffea6960000 - 0x00007ffea6977000 	C:\WINDOWS\system32\napinsp.dll
0x00007ffea6930000 - 0x00007ffea694b000 	C:\WINDOWS\system32\pnrpnsp.dll
0x00007ffec4f60000 - 0x00007ffec5047000 	C:\WINDOWS\SYSTEM32\DNSAPI.dll
0x00007ffec4f30000 - 0x00007ffec4f5d000 	C:\WINDOWS\SYSTEM32\IPHLPAPI.DLL
0x00007ffec7a00000 - 0x00007ffec7a09000 	C:\WINDOWS\System32\NSI.dll
0x00007ffea68f0000 - 0x00007ffea6902000 	C:\WINDOWS\System32\winrnr.dll
0x00007ffea68c0000 - 0x00007ffea68d5000 	C:\WINDOWS\system32\wshbth.dll
0x00007ffea6870000 - 0x00007ffea688f000 	C:\WINDOWS\system32\nlansp_c.dll
0x00007ffebc8a0000 - 0x00007ffebc8aa000 	C:\Windows\System32\rasadhlp.dll
0x00007ffebd310000 - 0x00007ffebd391000 	C:\WINDOWS\System32\fwpuclnt.dll
0x00007ffec5b40000 - 0x00007ffec5b58000 	C:\WINDOWS\SYSTEM32\CRYPTSP.dll
0x00007ffec5360000 - 0x00007ffec5395000 	C:\WINDOWS\system32\rsaenh.dll
0x00007ffec59c0000 - 0x00007ffec59e9000 	C:\WINDOWS\SYSTEM32\USERENV.dll
0x00007ffec5cb0000 - 0x00007ffec5cd7000 	C:\WINDOWS\SYSTEM32\bcrypt.dll
0x00007ffec5b30000 - 0x00007ffec5b3c000 	C:\WINDOWS\SYSTEM32\CRYPTBASE.dll
0x00007ffebf8d0000 - 0x00007ffebf8e9000 	C:\WINDOWS\SYSTEM32\dhcpcsvc6.DLL
0x00007ffec0480000 - 0x00007ffec049e000 	C:\WINDOWS\SYSTEM32\dhcpcsvc.DLL

dbghelp: loaded successfully - version: 4.0.5 - missing functions: none
symbol engine: initialized successfully - sym options: 0x614 - pdb path: .;C:\Users\user\.jdks\corretto-11.0.12\bin;C:\WINDOWS\SYSTEM32;C:\Program Files\Avast Software\Avast;C:\WINDOWS\WinSxS\amd64_microsoft.windows.common-controls_6595b64144ccf1df_6.0.22000.120_none_9d947278b86cc467;C:\Users\user\.jdks\corretto-11.0.12\bin\server;D:\IntelliJ IDEA Community Edition 2021.1.1\bin

VM Arguments:
jvm_args: -javaagent:D:\IntelliJ IDEA Community Edition 2021.1.1\lib\idea_rt.jar=63927:D:\IntelliJ IDEA Community Edition 2021.1.1\bin -Dfile.encoding=UTF-8 
java_command: com.tupinamba.springbootwebsocket.SpringBootWebsocketApplication
java_class_path (initial): D:\畢業專題\spring-boot-websocket\target\classes;C:\Users\user\.m2\repository\org\springframework\boot\spring-boot-starter-websocket\2.4.2\spring-boot-starter-websocket-2.4.2.jar;C:\Users\user\.m2\repository\org\springframework\boot\spring-boot-starter-web\2.4.2\spring-boot-starter-web-2.4.2.jar;C:\Users\user\.m2\repository\org\springframework\boot\spring-boot-starter-json\2.4.2\spring-boot-starter-json-2.4.2.jar;C:\Users\user\.m2\repository\com\fasterxml\jackson\core\jackson-databind\2.11.4\jackson-databind-2.11.4.jar;C:\Users\user\.m2\repository\com\fasterxml\jackson\core\jackson-annotations\2.11.4\jackson-annotations-2.11.4.jar;C:\Users\user\.m2\repository\com\fasterxml\jackson\core\jackson-core\2.11.4\jackson-core-2.11.4.jar;C:\Users\user\.m2\repository\com\fasterxml\jackson\datatype\jackson-datatype-jdk8\2.11.4\jackson-datatype-jdk8-2.11.4.jar;C:\Users\user\.m2\repository\com\fasterxml\jackson\datatype\jackson-datatype-jsr310\2.11.4\jackson-datatype-jsr310-2.11.4.jar;C:\Users\user\.m2\repository\com\fasterxml\jackson\module\jackson-module-parameter-names\2.11.4\jackson-module-parameter-names-2.11.4.jar;C:\Users\user\.m2\repository\org\springframework\boot\spring-boot-starter-tomcat\2.4.2\spring-boot-starter-tomcat-2.4.2.jar;C:\Users\user\.m2\repository\org\apache\tomcat\embed\tomcat-embed-core\9.0.41\tomcat-embed-core-9.0.41.jar;C:\Users\user\.m2\repository\org\glassfish\jakarta.el\3.0.3\jakarta.el-3.0.3.jar;C:\Users\user\.m2\repository\org\apache\tomcat\embed\tomcat-embed-websocket\9.0.41\tomcat-embed-websocket-9.0.41.jar;C:\Users\user\.m2\repository\org\springframework\spring-web\5.3.3\spring-web-5.3.3.jar;C:\Users\user\.m2\repository\org\springframework\spring-webmvc\5.3.3\spring-webmvc-5.3.3.jar;C:\Users\user\.m2\repository\org\springframework\spring-aop\5.3.3\spring-aop-5.3.3.jar;C:\Users\user\.m2\repository\org\springframework\spring-expression\5.3.3\spring-expression-5.3.3.jar;C:\Users\user\.m2\repository\org\springframework\
Launcher Type: SUN_STANDARD

[Global flags]
     intx CICompilerCount                          = 4                                         {product} {ergonomic}
     uint ConcGCThreads                            = 3                                         {product} {ergonomic}
     uint G1ConcRefinementThreads                  = 10                                        {product} {ergonomic}
   size_t G1HeapRegionSize                         = 1048576                                   {product} {ergonomic}
    uintx GCDrainStackTargetSize                   = 64                                        {product} {ergonomic}
   size_t InitialHeapSize                          = 199229440                                 {product} {ergonomic}
   size_t MarkStackSize                            = 4194304                                   {product} {ergonomic}
   size_t MaxHeapSize                              = 3183476736                                {product} {ergonomic}
   size_t MaxNewSize                               = 1909456896                                {product} {ergonomic}
   size_t MinHeapDeltaBytes                        = 1048576                                   {product} {ergonomic}
    uintx NonNMethodCodeHeapSize                   = 5836300                                {pd product} {ergonomic}
    uintx NonProfiledCodeHeapSize                  = 122910970                              {pd product} {ergonomic}
    uintx ProfiledCodeHeapSize                     = 122910970                              {pd product} {ergonomic}
    uintx ReservedCodeCacheSize                    = 251658240                              {pd product} {ergonomic}
     bool SegmentedCodeCache                       = true                                      {product} {ergonomic}
     bool UseCompressedClassPointers               = true                                 {lp64_product} {ergonomic}
     bool UseCompressedOops                        = true                                 {lp64_product} {ergonomic}
     bool UseG1GC                                  = true                                      {product} {ergonomic}
     bool UseLargePagesIndividualAllocation        = false                                  {pd product} {ergonomic}

Logging:
Log output configuration:
 #0: stdout all=warning uptime,level,tags
 #1: stderr all=off uptime,level,tags

Environment Variables:
JAVA_HOME=C:\Program Files\Java\jdk-15.0.2
CLASSPATH=.;C:\Program Files (x86)\QuickTime\QTSystem\QTJava.zip;
PATH=C:\Perl64\site\bin;C:\Perl64\bin;C:\Python39\Scripts\;C:\Python39\;C:\Program Files\Common Files\Oracle\Java\javapath;C:\Program Files (x86)\Intel\Intel(R) Management Engine Components\iCLS\;C:\Program Files\Intel\Intel(R) Management Engine Components\iCLS\;C:\Windows\system32;C:\Windows;C:\Windows\System32\Wbem;C:\Windows\System32\WindowsPowerShell\v1.0\;C:\Program Files (x86)\Intel\Intel(R) Management Engine Components\DAL;C:\Program Files\Intel\Intel(R) Management Engine Components\DAL;C:\Program Files (x86)\Intel\Intel(R) Management Engine Components\IPT;C:\Program Files\Intel\Intel(R) Management Engine Components\IPT;C:\Program Files (x86)\NVIDIA Corporation\PhysX\Common;C:\Program Files\Intel\WiFi\bin\;C:\Program Files\Common Files\Intel\WirelessCommon\;C:\WINDOWS\system32;C:\WINDOWS;C:\WINDOWS\System32\Wbem;C:\WINDOWS\System32\WindowsPowerShell\v1.0\;C:\WINDOWS\System32\OpenSSH\;C:\Program Files (x86)\QuickTime\QTSystem\;C:\Program Files\NVIDIA Corporation\NVIDIA NvDLISR;C:\Program Files (x86)\Bitvise SSH Client;C:\Program Files\Microsoft SQL Server\130\Tools\Binn\;C:\Program Files\dotnet\;C:\Program Files\Microsoft SQL Server\Client SDK\ODBC\170\Tools\Binn\;C:\x86_64-8.1.0-release-posix-seh-rt_v6-rev0\mingw64\bin;D:\Anaconda\Scripts;D:\Anaconda\Library\bin;D:\Anaconda;C:\Program Files\Java\jdk-15.0.2\bin;D:\matlab\bin;C:\WINDOWS\system32;C:\WINDOWS;C:\WINDOWS\System32\Wbem;C:\WINDOWS\System32\WindowsPowerShell\v1.0\;C:\WINDOWS\System32\OpenSSH\;C:\ProgramData\chocolatey\bin;C:\Program Files\PuTTY\;C:\Program Files\Java\jdk-15.0.2\bin;D:\MPLAB C32 Suite\bin;C:\Program Files (x86)\Microchip\MPLAB C32 Suite\bin;C:\Program Files (x86)\Google\Chrome\Application\chromedriver.exe;C:\xampp\php;C:\Program Files\Git\cmd;C:\Program Files\LLVM\bin;C:\Program Files\Docker\Docker\resources\bin;C:\ProgramData\DockerDesktop\version-bin;C:\Program Files\MongoDB\Server\5.0\bin;C:\Program Files\nodejs\;C:\Users\user\AppData\Local\Microsoft\WindowsApps;D:\Microsoft VS Code\bi
USERNAME=Yao
OS=Windows_NT
PROCESSOR_IDENTIFIER=Intel64 Family 6 Model 158 Stepping 10, GenuineIntel



---------------  S Y S T E M  ---------------

OS: Windows 10 , 64 bit Build 22000 (10.0.22000.434)
OS uptime: 0 days 6:11 hours
Hyper-V role detected

CPU:total 12 (initial active 12) (6 cores per cpu, 2 threads per core) family 6 model 158 stepping 10 microcode 0xde, cmov, cx8, fxsr, mmx, sse, sse2, sse3, ssse3, sse4.1, sse4.2, popcnt, avx, avx2, aes, clmul, erms, 3dnowpref, lzcnt, ht, tsc, tscinvbit, bmi1, bmi2, adx, fma

Memory: 4k page, system-wide physical 12143M (478M free)
TotalPageFile size 22160M (AvailPageFile size 38M)
current process WorkingSet (physical memory assigned to process): 179M, peak: 181M
current process commit charge ("private bytes"): 351M, peak: 389M

vm_info: OpenJDK 64-Bit Server VM (11.0.12+7-LTS) for windows-amd64 JRE (11.0.12+7-LTS), built on Jul 13 2021 17:58:36 by "Administrator" with unknown MS VC++:1916

END.
